Determining if the pthread_create exist failed with the following output:
Change Dir: /home/shuqi/ws_real/build/CMakeFiles/CMakeTmp

Run Build Command:"/usr/bin/make" "cmTC_48afc/fast"
/usr/bin/make -f CMakeFiles/cmTC_48afc.dir/build.make CMakeFiles/cmTC_48afc.dir/build
make[1]: 进入目录“/home/shuqi/ws_real/build/CMakeFiles/CMakeTmp”
Building C object CMakeFiles/cmTC_48afc.dir/CheckSymbolExists.c.o
/usr/bin/cc    -o CMakeFiles/cmTC_48afc.dir/CheckSymbolExists.c.o   -c /home/shuqi/ws_real/build/CMakeFiles/CMakeTmp/CheckSymbolExists.c
Linking C executable cmTC_48afc
/usr/bin/cmake -E cmake_link_script CMakeFiles/cmTC_48afc.dir/link.txt --verbose=1
/usr/bin/cc      -rdynamic CMakeFiles/cmTC_48afc.dir/CheckSymbolExists.c.o  -o cmTC_48afc 
CMakeFiles/cmTC_48afc.dir/CheckSymbolExists.c.o：在函数‘main’中：
CheckSymbolExists.c:(.text+0x1b)：对‘pthread_create’未定义的引用
collect2: error: ld returned 1 exit status
CMakeFiles/cmTC_48afc.dir/build.make:97: recipe for target 'cmTC_48afc' failed
make[1]: *** [cmTC_48afc] Error 1
make[1]: 离开目录“/home/shuqi/ws_real/build/CMakeFiles/CMakeTmp”
Makefile:126: recipe for target 'cmTC_48afc/fast' failed
make: *** [cmTC_48afc/fast] Error 2

File /home/shuqi/ws_real/build/CMakeFiles/CMakeTmp/CheckSymbolExists.c:
/* */
#include <pthread.h>

int main(int argc, char** argv)
{
  (void)argv;
#ifndef pthread_create
  return ((int*)(&pthread_create))[argc];
#else
  (void)argc;
  return 0;
#endif
}

Determining if the function pthread_create exists in the pthreads failed with the following output:
Change Dir: /home/shuqi/ws_real/build/CMakeFiles/CMakeTmp

Run Build Command:"/usr/bin/make" "cmTC_aee6d/fast"
/usr/bin/make -f CMakeFiles/cmTC_aee6d.dir/build.make CMakeFiles/cmTC_aee6d.dir/build
make[1]: 进入目录“/home/shuqi/ws_real/build/CMakeFiles/CMakeTmp”
Building C object CMakeFiles/cmTC_aee6d.dir/CheckFunctionExists.c.o
/usr/bin/cc   -DCHECK_FUNCTION_EXISTS=pthread_create   -o CMakeFiles/cmTC_aee6d.dir/CheckFunctionExists.c.o   -c /usr/share/cmake-3.10/Modules/CheckFunctionExists.c
Linking C executable cmTC_aee6d
/usr/bin/cmake -E cmake_link_script CMakeFiles/cmTC_aee6d.dir/link.txt --verbose=1
/usr/bin/cc  -DCHECK_FUNCTION_EXISTS=pthread_create    -rdynamic CMakeFiles/cmTC_aee6d.dir/CheckFunctionExists.c.o  -o cmTC_aee6d -lpthreads 
/usr/bin/ld: 找不到 -lpthreads
collect2: error: ld returned 1 exit status
CMakeFiles/cmTC_aee6d.dir/build.make:97: recipe for target 'cmTC_aee6d' failed
make[1]: *** [cmTC_aee6d] Error 1
make[1]: 离开目录“/home/shuqi/ws_real/build/CMakeFiles/CMakeTmp”
Makefile:126: recipe for target 'cmTC_aee6d/fast' failed
make: *** [cmTC_aee6d/fast] Error 2


