Determining if the pthread_create exist failed with the following output:
Change Dir: /home/shuqi/ws_moveit/build/catkin_tools_prebuild/CMakeFiles/CMakeTmp

Run Build Command:"/usr/bin/make" "cmTC_5281b/fast"
/usr/bin/make -f CMakeFiles/cmTC_5281b.dir/build.make CMakeFiles/cmTC_5281b.dir/build
make[1]: 进入目录“/home/shuqi/ws_moveit/build/catkin_tools_prebuild/CMakeFiles/CMakeTmp”
Building C object CMakeFiles/cmTC_5281b.dir/CheckSymbolExists.c.o
/usr/bin/cc    -o CMakeFiles/cmTC_5281b.dir/CheckSymbolExists.c.o   -c /home/shuqi/ws_moveit/build/catkin_tools_prebuild/CMakeFiles/CMakeTmp/CheckSymbolExists.c
Linking C executable cmTC_5281b
/usr/bin/cmake -E cmake_link_script CMakeFiles/cmTC_5281b.dir/link.txt --verbose=1
/usr/bin/cc      -rdynamic CMakeFiles/cmTC_5281b.dir/CheckSymbolExists.c.o  -o cmTC_5281b 
CMakeFiles/cmTC_5281b.dir/CheckSymbolExists.c.o：在函数‘main’中：
CheckSymbolExists.c:(.text+0x1b)：对‘pthread_create’未定义的引用
collect2: error: ld returned 1 exit status
CMakeFiles/cmTC_5281b.dir/build.make:97: recipe for target 'cmTC_5281b' failed
make[1]: *** [cmTC_5281b] Error 1
make[1]: 离开目录“/home/shuqi/ws_moveit/build/catkin_tools_prebuild/CMakeFiles/CMakeTmp”
Makefile:126: recipe for target 'cmTC_5281b/fast' failed
make: *** [cmTC_5281b/fast] Error 2

File /home/shuqi/ws_moveit/build/catkin_tools_prebuild/CMakeFiles/CMakeTmp/CheckSymbolExists.c:
/* */
#include <pthread.h>

int main(int argc, char** argv)
{
  (void)argv;
#ifndef pthread_create
  return ((int*)(&pthread_create))[argc];
#else
  (void)argc;
  return 0;
#endif
}

Determining if the function pthread_create exists in the pthreads failed with the following output:
Change Dir: /home/shuqi/ws_moveit/build/catkin_tools_prebuild/CMakeFiles/CMakeTmp

Run Build Command:"/usr/bin/make" "cmTC_9d2e3/fast"
/usr/bin/make -f CMakeFiles/cmTC_9d2e3.dir/build.make CMakeFiles/cmTC_9d2e3.dir/build
make[1]: 进入目录“/home/shuqi/ws_moveit/build/catkin_tools_prebuild/CMakeFiles/CMakeTmp”
Building C object CMakeFiles/cmTC_9d2e3.dir/CheckFunctionExists.c.o
/usr/bin/cc   -DCHECK_FUNCTION_EXISTS=pthread_create   -o CMakeFiles/cmTC_9d2e3.dir/CheckFunctionExists.c.o   -c /usr/share/cmake-3.10/Modules/CheckFunctionExists.c
Linking C executable cmTC_9d2e3
/usr/bin/cmake -E cmake_link_script CMakeFiles/cmTC_9d2e3.dir/link.txt --verbose=1
/usr/bin/cc  -DCHECK_FUNCTION_EXISTS=pthread_create    -rdynamic CMakeFiles/cmTC_9d2e3.dir/CheckFunctionExists.c.o  -o cmTC_9d2e3 -lpthreads 
/usr/bin/ld: 找不到 -lpthreads
collect2: error: ld returned 1 exit status
CMakeFiles/cmTC_9d2e3.dir/build.make:97: recipe for target 'cmTC_9d2e3' failed
make[1]: *** [cmTC_9d2e3] Error 1
make[1]: 离开目录“/home/shuqi/ws_moveit/build/catkin_tools_prebuild/CMakeFiles/CMakeTmp”
Makefile:126: recipe for target 'cmTC_9d2e3/fast' failed
make: *** [cmTC_9d2e3/fast] Error 2


